<?xml version="1.0" encoding="UTF-8"?>
<testsuite name="UserClientTest" tests="1" skipped="0" failures="0" errors="0" timestamp="2023-09-20T03:52:44" hostname="YutaoMacPro.attlocal.net" time="0.496">
  <properties/>
  <testcase name="testGetUsers()" classname="UserClientTest" time="0.496"/>
  <system-out><![CDATA[[User{id=1, email='george.bluth@reqres.in', firstName='George', lastName='Bluth', avatar='https://reqres.in/img/faces/1-image.jpg'}, User{id=2, email='janet.weaver@reqres.in', firstName='Janet', lastName='Weaver', avatar='https://reqres.in/img/faces/2-image.jpg'}, User{id=3, email='emma.wong@reqres.in', firstName='Emma', lastName='Wong', avatar='https://reqres.in/img/faces/3-image.jpg'}, User{id=4, email='eve.holt@reqres.in', firstName='Eve', lastName='Holt', avatar='https://reqres.in/img/faces/4-image.jpg'}, User{id=5, email='charles.morris@reqres.in', firstName='Charles', lastName='Morris', avatar='https://reqres.in/img/faces/5-image.jpg'}, User{id=6, email='tracey.ramos@reqres.in', firstName='Tracey', lastName='Ramos', avatar='https://reqres.in/img/faces/6-image.jpg'}]
]]></system-out>
  <system-err><![CDATA[]]></system-err>
</testsuite>
